[debug] [2022-07-21T11:34:01.486Z] ----------------------------------------------------------------------
[debug] [2022-07-21T11:34:01.493Z] Command:       C:\Program Files\nodejs\node.exe C:\Users\QUICKS SELL\AppData\Roaming\npm\node_modules\firebase-tools\lib\bin\firebase.js init
[debug] [2022-07-21T11:34:01.495Z] CLI Version:   11.3.0
[debug] [2022-07-21T11:34:01.496Z] Platform:      win32
[debug] [2022-07-21T11:34:01.496Z] Node Version:  v16.15.1
[debug] [2022-07-21T11:34:01.499Z] Time:          Thu Jul 21 2022 17:04:01 GMT+0530 (India Standard Time)
[debug] [2022-07-21T11:34:01.500Z] ----------------------------------------------------------------------
[debug] 
[debug] [2022-07-21T11:34:01.744Z] > command requires scopes: ["email","openid","https://www.googleapis.com/auth/cloudplatformprojects.readonly","https://www.googleapis.com/auth/firebase","https://www.googleapis.com/auth/cloud-platform"]
[debug] [2022-07-21T11:34:01.745Z] > authorizing via signed-in user (anandagharami.dits@gmail.com)
[info] 
     ######## #### ########  ######## ########     ###     ######  ########
     ##        ##  ##     ## ##       ##     ##  ##   ##  ##       ##
     ######    ##  ########  ######   ########  #########  ######  ######
     ##        ##  ##    ##  ##       ##     ## ##     ##       ## ##
     ##       #### ##     ## ######## ########  ##     ##  ######  ########

You're about to initialize a Firebase project in this directory:

  E:\

Before we get started, keep in mind:

  * You are initializing within an existing Firebase project directory

[info] 
=== Project Setup
[info] 
[info] First, let's associate this project directory with a Firebase project.
[info] You can create multiple project aliases by running firebase use --add, 
[info] but for now we'll just set up a default project.
[info] 
[debug] [2022-07-21T11:34:09.298Z] Using project from CLI flag: icare-76ec2
[debug] [2022-07-21T11:34:09.311Z] >>> [apiv2][query] GET https://firebase.googleapis.com/v1beta1/projects/icare-76ec2 [none]
[debug] [2022-07-21T11:34:09.969Z] <<< [apiv2][status] GET https://firebase.googleapis.com/v1beta1/projects/icare-76ec2 200
[debug] [2022-07-21T11:34:09.969Z] <<< [apiv2][body] GET https://firebase.googleapis.com/v1beta1/projects/icare-76ec2 {"projectId":"icare-76ec2","projectNumber":"733035766342","displayName":"icare","name":"projects/icare-76ec2","resources":{"hostingSite":"icare-76ec2"},"state":"ACTIVE"}
[info] i  Using project icare-76ec2 (icare) 
[info] 
=== Hosting Setup
[info] 
[info] Your public directory is the folder (relative to your project directory) that
[info] will contain Hosting assets to be uploaded with firebase deploy. If you
[info] have a build process for your assets, use your build's output directory.
[info] 
